Arguments: 
  /usr/local/bin/node /usr/local/bin/yarn add react react-dom @babel/core @babel/cli @bable/preset-env

PATH: 
  /home/guemanuel/.meteor:/home/guemanuel/.meteor:/home/guemanuel/.sdkman/candidates/kotlin/current/bin:/home/guemanuel/.meteor:/usr/local/sbin:/usr/local/bin:/usr/sbin:/usr/bin:/sbin:/bin:/usr/games:/usr/local/games:/snap/bin:/home/guemanuel/Android/Sdk/emulator:/home/guemanuel/Android/Sdk/tools:/home/guemanuel/Android/Sdk/tools/bin:/home/guemanuel/Android/Sdk/platform-tools:/home/guemanuel/android-studio/bin:/home/guemanuel/Android/Sdk/emulator:/home/guemanuel/Android/Sdk/tools:/home/guemanuel/Android/Sdk/tools/bin:/home/guemanuel/Android/Sdk/platform-tools:/home/guemanuel/android-studio/bin:/home/guemanuel/Android/Sdk/emulator:/home/guemanuel/Android/Sdk/tools:/home/guemanuel/Android/Sdk/tools/bin:/home/guemanuel/Android/Sdk/platform-tools:/home/guemanuel/android-studio/bin

Yarn version: 
  1.22.17

Node version: 
  16.13.1

Platform: 
  linux x64

Trace: 
  Error: https://registry.yarnpkg.com/@bable%2fpreset-env: Not found
      at Request.params.callback [as _callback] (/usr/local/lib/node_modules/yarn/lib/cli.js:67029:18)
      at Request.self.callback (/usr/local/lib/node_modules/yarn/lib/cli.js:140883:22)
      at Request.emit (node:events:390:28)
      at Request.<anonymous> (/usr/local/lib/node_modules/yarn/lib/cli.js:141855:10)
      at Request.emit (node:events:390:28)
      at IncomingMessage.<anonymous> (/usr/local/lib/node_modules/yarn/lib/cli.js:141777:12)
      at Object.onceWrapper (node:events:509:28)
      at IncomingMessage.emit (node:events:402:35)
      at endReadableNT (node:internal/streams/readable:1343:12)
      at processTicksAndRejections (node:internal/process/task_queues:83:21)

npm manifest: 
  {
    "name": "projetsToStudy",
    "version": "1.0.0",
    "main": "index.js",
    "repository": "git@github.com:gustavo-em/react-learning.git",
    "author": "gustavo-em <gustavo.emanuel01@outlook.com>",
    "license": "MIT"
  }

yarn manifest: 
  No manifest

Lockfile: 
  # THIS IS AN AUTOGENERATED FILE. DO NOT EDIT THIS FILE DIRECTLY.
  # yarn lockfile v1
